<?xml version="1.0" encoding="UTF-8"?>
<!-- Generated by org.testng.reporters.JUnitReportReporter -->
<testsuite hostname="LAPTOP-2PDJ1H2M" failures="0" tests="1" name="com.actitime.testscripts.CreatCustomer" time="1.493" errors="0" timestamp="2023-04-09T20:23:19 IST" skipped="0">
  <testcase classname="com.actitime.testscripts.CreatCustomer" name="creatCustomer" time="1.493"/>
  <system-out>
    <![CDATA[created]]>
  </system-out>
</testsuite> <!-- com.actitime.testscripts.CreatCustomer -->
